{"timestamp":"2025-05-05T14:34:48.038720","level":"info","event":"DAG bundles loaded: dags-folder","logger":"airflow.dag_processing.bundles.manager.DagBundlesManager"}
{"timestamp":"2025-05-05T14:34:48.043074","level":"info","event":"Filling up the DagBag from /opt/airflow/dags/tsmc_improved_pipeline.py","logger":"airflow.models.dagbag.DagBag"}
{"timestamp":"2025-05-05T14:34:49.600142","level":"info","event":"Generating visuals","logger":"root"}
{"timestamp":"2025-05-05T14:34:53.625800","level":"info","event":"Done. Returned value was: None","logger":"airflow.task.operators.airflow.providers.standard.operators.python.PythonOperator"}
{"timestamp":"2025-05-05T21:46:08.961155","level":"info","event":"DAG bundles loaded: dags-folder","logger":"airflow.dag_processing.bundles.manager.DagBundlesManager"}
{"timestamp":"2025-05-05T21:46:08.962216","level":"info","event":"Filling up the DagBag from /opt/airflow/dags/tsmc_improved_pipeline.py","logger":"airflow.models.dagbag.DagBag"}
{"timestamp":"2025-05-05T21:46:10.822602","level":"info","event":"Generating visuals","logger":"root"}
{"timestamp":"2025-05-05T21:46:10.827292","level":"error","event":"Task failed with exception","logger":"task","error_detail":[{"exc_type":"ValueError","exc_value":"Missing column provided to 'parse_dates': 'date'","exc_notes":[],"syntax_error":null,"is_cause":false,"frames":[{"filename":"/home/airflow/.local/lib/python3.12/site-packages/airflow/sdk/execution_time/task_runner.py","lineno":825,"name":"run"},{"filename":"/home/airflow/.local/lib/python3.12/site-packages/airflow/sdk/execution_time/task_runner.py","lineno":1088,"name":"_execute_task"},{"filename":"/home/airflow/.local/lib/python3.12/site-packages/airflow/sdk/bases/operator.py","lineno":408,"name":"wrapper"},{"filename":"/home/airflow/.local/lib/python3.12/site-packages/airflow/providers/standard/operators/python.py","lineno":212,"name":"execute"},{"filename":"/home/airflow/.local/lib/python3.12/site-packages/airflow/providers/standard/operators/python.py","lineno":235,"name":"execute_callable"},{"filename":"/home/airflow/.local/lib/python3.12/site-packages/airflow/sdk/execution_time/callback_runner.py","lineno":81,"name":"run"},{"filename":"/opt/airflow/dags/tsmc_improved_pipeline.py","lineno":151,"name":"generate_visuals"},{"filename":"/home/airflow/.local/lib/python3.12/site-packages/pandas/io/parsers/readers.py","lineno":948,"name":"read_csv"},{"filename":"/home/airflow/.local/lib/python3.12/site-packages/pandas/io/parsers/readers.py","lineno":611,"name":"_read"},{"filename":"/home/airflow/.local/lib/python3.12/site-packages/pandas/io/parsers/readers.py","lineno":1448,"name":"__init__"},{"filename":"/home/airflow/.local/lib/python3.12/site-packages/pandas/io/parsers/readers.py","lineno":1723,"name":"_make_engine"},{"filename":"/home/airflow/.local/lib/python3.12/site-packages/pandas/io/parsers/c_parser_wrapper.py","lineno":161,"name":"__init__"},{"filename":"/home/airflow/.local/lib/python3.12/site-packages/pandas/io/parsers/base_parser.py","lineno":242,"name":"_validate_parse_dates_presence"}]}]}
{"timestamp":"2025-05-05T22:17:12.273675","level":"info","event":"DAG bundles loaded: dags-folder","logger":"airflow.dag_processing.bundles.manager.DagBundlesManager"}
{"timestamp":"2025-05-05T22:17:12.275017","level":"info","event":"Filling up the DagBag from /opt/airflow/dags/tsmc_improved_pipeline.py","logger":"airflow.models.dagbag.DagBag"}
{"timestamp":"2025-05-05T22:17:14.761950","level":"info","event":"Generating visuals","logger":"root"}
{"timestamp":"2025-05-05T22:17:14.783256","level":"info","event":"Available columns in daily: ['index', 'close', 'ma_close_30d', 'rsi_14']","logger":"root"}
{"timestamp":"2025-05-05T22:17:16.456860","level":"info","event":"Available columns in spikes: ['index', 'volatility_abs', 'is_spike']","logger":"root"}
{"timestamp":"2025-05-05T22:17:17.680704","level":"info","event":"Available columns in weekly: ['index', 'close_first', 'close_last', 'close_mean', 'volume_sum', 'volatility_abs_max']","logger":"root"}
{"timestamp":"2025-05-05T22:17:19.961697","level":"info","event":"Available columns in daily (RSI): ['index', 'close', 'ma_close_30d', 'rsi_14']","logger":"root"}
{"timestamp":"2025-05-05T22:17:21.370348","level":"info","event":"Done. Returned value was: None","logger":"airflow.task.operators.airflow.providers.standard.operators.python.PythonOperator"}
{"timestamp":"2025-05-05T22:32:17.620500","level":"info","event":"DAG bundles loaded: dags-folder","logger":"airflow.dag_processing.bundles.manager.DagBundlesManager"}
{"timestamp":"2025-05-05T22:32:17.621195","level":"info","event":"Filling up the DagBag from /opt/airflow/dags/tsmc_improved_pipeline.py","logger":"airflow.models.dagbag.DagBag"}
{"timestamp":"2025-05-05T22:32:19.351301","level":"info","event":"Generating visuals","logger":"root"}
{"timestamp":"2025-05-05T22:32:19.365848","level":"info","event":"Available columns in daily: ['index', 'close', 'ma_close_30d', 'rsi_14']","logger":"root"}
{"timestamp":"2025-05-05T22:32:20.745546","level":"info","event":"Available columns in spikes: ['index', 'volatility_abs', 'is_spike']","logger":"root"}
{"timestamp":"2025-05-05T22:32:21.814234","level":"info","event":"Available columns in weekly: ['index', 'close_first', 'close_last', 'close_mean', 'volume_sum', 'volatility_abs_max']","logger":"root"}
{"timestamp":"2025-05-05T22:32:24.217198","level":"info","event":"Available columns in daily (RSI): ['index', 'close', 'ma_close_30d', 'rsi_14']","logger":"root"}
{"timestamp":"2025-05-05T22:32:25.853334","level":"info","event":"Done. Returned value was: None","logger":"airflow.task.operators.airflow.providers.standard.operators.python.PythonOperator"}
