{"timestamp":"2025-05-05T12:42:09.026948","level":"info","event":"Filling up the DagBag from /opt/airflow/dags/tsmc_pipeline_dag.py","logger":"airflow.models.dagbag.DagBag"}
{"timestamp":"2025-05-05T12:42:39.236948","level":"info","event":"Filling up the DagBag from /opt/airflow/dags/tsmc_pipeline_dag.py","logger":"airflow.models.dagbag.DagBag"}
{"timestamp":"2025-05-05T12:43:09.626481","level":"info","event":"Filling up the DagBag from /opt/airflow/dags/tsmc_pipeline_dag.py","logger":"airflow.models.dagbag.DagBag"}
{"timestamp":"2025-05-05T12:43:39.883840","level":"info","event":"Filling up the DagBag from /opt/airflow/dags/tsmc_pipeline_dag.py","logger":"airflow.models.dagbag.DagBag"}
{"timestamp":"2025-05-05T12:44:10.050102","level":"info","event":"Filling up the DagBag from /opt/airflow/dags/tsmc_pipeline_dag.py","logger":"airflow.models.dagbag.DagBag"}
{"timestamp":"2025-05-05T12:44:40.367065","level":"info","event":"Filling up the DagBag from /opt/airflow/dags/tsmc_pipeline_dag.py","logger":"airflow.models.dagbag.DagBag"}
{"timestamp":"2025-05-05T12:45:10.480375","level":"info","event":"Filling up the DagBag from /opt/airflow/dags/tsmc_pipeline_dag.py","logger":"airflow.models.dagbag.DagBag"}
{"timestamp":"2025-05-05T12:45:40.655893","level":"info","event":"Filling up the DagBag from /opt/airflow/dags/tsmc_pipeline_dag.py","logger":"airflow.models.dagbag.DagBag"}
{"timestamp":"2025-05-05T12:45:59.520533","level":"info","event":"Filling up the DagBag from /opt/airflow/dags/tsmc_pipeline_dag.py","logger":"airflow.models.dagbag.DagBag"}
{"timestamp":"2025-05-05T12:45:59.523151","level":"error","event":"Failed to import: /opt/airflow/dags/tsmc_pipeline_dag.py","logger":"airflow.models.dagbag.DagBag","error_detail":[{"exc_type":"NameError","exc_value":"name 'D' is not defined","exc_notes":[],"syntax_error":null,"is_cause":false,"frames":[{"filename":"/home/airflow/.local/lib/python3.12/site-packages/airflow/models/dagbag.py","lineno":384,"name":"parse"},{"filename":"<frozen importlib._bootstrap_external>","lineno":999,"name":"exec_module"},{"filename":"<frozen importlib._bootstrap>","lineno":488,"name":"_call_with_frames_removed"},{"filename":"/opt/airflow/dags/tsmc_pipeline_dag.py","lineno":9,"name":"<module>"}]}]}
{"timestamp":"2025-05-05T12:46:29.775422","level":"info","event":"Filling up the DagBag from /opt/airflow/dags/tsmc_pipeline_dag.py","logger":"airflow.models.dagbag.DagBag"}
{"timestamp":"2025-05-05T12:46:29.779193","level":"error","event":"Failed to import: /opt/airflow/dags/tsmc_pipeline_dag.py","logger":"airflow.models.dagbag.DagBag","error_detail":[{"exc_type":"NameError","exc_value":"name 'D' is not defined","exc_notes":[],"syntax_error":null,"is_cause":false,"frames":[{"filename":"/home/airflow/.local/lib/python3.12/site-packages/airflow/models/dagbag.py","lineno":384,"name":"parse"},{"filename":"<frozen importlib._bootstrap_external>","lineno":999,"name":"exec_module"},{"filename":"<frozen importlib._bootstrap>","lineno":488,"name":"_call_with_frames_removed"},{"filename":"/opt/airflow/dags/tsmc_pipeline_dag.py","lineno":9,"name":"<module>"}]}]}
{"timestamp":"2025-05-05T12:47:00.125177","level":"info","event":"Filling up the DagBag from /opt/airflow/dags/tsmc_pipeline_dag.py","logger":"airflow.models.dagbag.DagBag"}
{"timestamp":"2025-05-05T12:47:00.128043","level":"error","event":"Failed to import: /opt/airflow/dags/tsmc_pipeline_dag.py","logger":"airflow.models.dagbag.DagBag","error_detail":[{"exc_type":"NameError","exc_value":"name 'D' is not defined","exc_notes":[],"syntax_error":null,"is_cause":false,"frames":[{"filename":"/home/airflow/.local/lib/python3.12/site-packages/airflow/models/dagbag.py","lineno":384,"name":"parse"},{"filename":"<frozen importlib._bootstrap_external>","lineno":999,"name":"exec_module"},{"filename":"<frozen importlib._bootstrap>","lineno":488,"name":"_call_with_frames_removed"},{"filename":"/opt/airflow/dags/tsmc_pipeline_dag.py","lineno":9,"name":"<module>"}]}]}
{"timestamp":"2025-05-05T12:47:30.285054","level":"info","event":"Filling up the DagBag from /opt/airflow/dags/tsmc_pipeline_dag.py","logger":"airflow.models.dagbag.DagBag"}
{"timestamp":"2025-05-05T12:47:30.287206","level":"error","event":"Failed to import: /opt/airflow/dags/tsmc_pipeline_dag.py","logger":"airflow.models.dagbag.DagBag","error_detail":[{"exc_type":"NameError","exc_value":"name 'D' is not defined","exc_notes":[],"syntax_error":null,"is_cause":false,"frames":[{"filename":"/home/airflow/.local/lib/python3.12/site-packages/airflow/models/dagbag.py","lineno":384,"name":"parse"},{"filename":"<frozen importlib._bootstrap_external>","lineno":999,"name":"exec_module"},{"filename":"<frozen importlib._bootstrap>","lineno":488,"name":"_call_with_frames_removed"},{"filename":"/opt/airflow/dags/tsmc_pipeline_dag.py","lineno":9,"name":"<module>"}]}]}
{"timestamp":"2025-05-05T12:48:00.406608","level":"info","event":"Filling up the DagBag from /opt/airflow/dags/tsmc_pipeline_dag.py","logger":"airflow.models.dagbag.DagBag"}
{"timestamp":"2025-05-05T12:48:00.409902","level":"error","event":"Failed to import: /opt/airflow/dags/tsmc_pipeline_dag.py","logger":"airflow.models.dagbag.DagBag","error_detail":[{"exc_type":"NameError","exc_value":"name 'D' is not defined","exc_notes":[],"syntax_error":null,"is_cause":false,"frames":[{"filename":"/home/airflow/.local/lib/python3.12/site-packages/airflow/models/dagbag.py","lineno":384,"name":"parse"},{"filename":"<frozen importlib._bootstrap_external>","lineno":999,"name":"exec_module"},{"filename":"<frozen importlib._bootstrap>","lineno":488,"name":"_call_with_frames_removed"},{"filename":"/opt/airflow/dags/tsmc_pipeline_dag.py","lineno":9,"name":"<module>"}]}]}
{"timestamp":"2025-05-05T12:48:30.623917","level":"info","event":"Filling up the DagBag from /opt/airflow/dags/tsmc_pipeline_dag.py","logger":"airflow.models.dagbag.DagBag"}
{"timestamp":"2025-05-05T12:48:30.625771","level":"error","event":"Failed to import: /opt/airflow/dags/tsmc_pipeline_dag.py","logger":"airflow.models.dagbag.DagBag","error_detail":[{"exc_type":"NameError","exc_value":"name 'D' is not defined","exc_notes":[],"syntax_error":null,"is_cause":false,"frames":[{"filename":"/home/airflow/.local/lib/python3.12/site-packages/airflow/models/dagbag.py","lineno":384,"name":"parse"},{"filename":"<frozen importlib._bootstrap_external>","lineno":999,"name":"exec_module"},{"filename":"<frozen importlib._bootstrap>","lineno":488,"name":"_call_with_frames_removed"},{"filename":"/opt/airflow/dags/tsmc_pipeline_dag.py","lineno":9,"name":"<module>"}]}]}
{"timestamp":"2025-05-05T12:49:01.517660","level":"info","event":"Filling up the DagBag from /opt/airflow/dags/tsmc_pipeline_dag.py","logger":"airflow.models.dagbag.DagBag"}
{"timestamp":"2025-05-05T12:49:01.520064","level":"error","event":"Failed to import: /opt/airflow/dags/tsmc_pipeline_dag.py","logger":"airflow.models.dagbag.DagBag","error_detail":[{"exc_type":"NameError","exc_value":"name 'D' is not defined","exc_notes":[],"syntax_error":null,"is_cause":false,"frames":[{"filename":"/home/airflow/.local/lib/python3.12/site-packages/airflow/models/dagbag.py","lineno":384,"name":"parse"},{"filename":"<frozen importlib._bootstrap_external>","lineno":999,"name":"exec_module"},{"filename":"<frozen importlib._bootstrap>","lineno":488,"name":"_call_with_frames_removed"},{"filename":"/opt/airflow/dags/tsmc_pipeline_dag.py","lineno":9,"name":"<module>"}]}]}
{"timestamp":"2025-05-05T12:49:21.006185","level":"info","event":"Filling up the DagBag from /opt/airflow/dags/tsmc_pipeline_dag.py","logger":"airflow.models.dagbag.DagBag"}
{"timestamp":"2025-05-05T12:49:21.009815","level":"error","event":"Failed to import: /opt/airflow/dags/tsmc_pipeline_dag.py","logger":"airflow.models.dagbag.DagBag","error_detail":[{"exc_type":"NameError","exc_value":"name 'D' is not defined","exc_notes":[],"syntax_error":null,"is_cause":false,"frames":[{"filename":"/home/airflow/.local/lib/python3.12/site-packages/airflow/models/dagbag.py","lineno":384,"name":"parse"},{"filename":"<frozen importlib._bootstrap_external>","lineno":999,"name":"exec_module"},{"filename":"<frozen importlib._bootstrap>","lineno":488,"name":"_call_with_frames_removed"},{"filename":"/opt/airflow/dags/tsmc_pipeline_dag.py","lineno":9,"name":"<module>"}]}]}
{"timestamp":"2025-05-05T12:49:49.045155","level":"info","event":"Filling up the DagBag from /opt/airflow/dags/tsmc_pipeline_dag.py","logger":"airflow.models.dagbag.DagBag"}
{"timestamp":"2025-05-05T12:49:49.049086","level":"error","event":"Failed to import: /opt/airflow/dags/tsmc_pipeline_dag.py","logger":"airflow.models.dagbag.DagBag","error_detail":[{"exc_type":"TypeError","exc_value":"DAG.__init__() got an unexpected keyword argument 'schedule_interval'","exc_notes":[],"syntax_error":null,"is_cause":false,"frames":[{"filename":"/home/airflow/.local/lib/python3.12/site-packages/airflow/models/dagbag.py","lineno":384,"name":"parse"},{"filename":"<frozen importlib._bootstrap_external>","lineno":999,"name":"exec_module"},{"filename":"<frozen importlib._bootstrap>","lineno":488,"name":"_call_with_frames_removed"},{"filename":"/opt/airflow/dags/tsmc_pipeline_dag.py","lineno":73,"name":"<module>"}]}]}
{"timestamp":"2025-05-05T12:51:47.282215","level":"info","event":"Filling up the DagBag from /opt/airflow/dags/tsmc_pipeline_dag.py","logger":"airflow.models.dagbag.DagBag"}
{"timestamp":"2025-05-05T12:51:50.291445","level":"error","event":"Failed to import: /opt/airflow/dags/tsmc_pipeline_dag.py","logger":"airflow.models.dagbag.DagBag","error_detail":[{"exc_type":"TypeError","exc_value":"DAG.__init__() got an unexpected keyword argument 'schedule_interval'","exc_notes":[],"syntax_error":null,"is_cause":false,"frames":[{"filename":"/home/airflow/.local/lib/python3.12/site-packages/airflow/models/dagbag.py","lineno":384,"name":"parse"},{"filename":"<frozen importlib._bootstrap_external>","lineno":999,"name":"exec_module"},{"filename":"<frozen importlib._bootstrap>","lineno":488,"name":"_call_with_frames_removed"},{"filename":"/opt/airflow/dags/tsmc_pipeline_dag.py","lineno":73,"name":"<module>"}]}]}
{"timestamp":"2025-05-05T12:52:21.178590","level":"info","event":"Filling up the DagBag from /opt/airflow/dags/tsmc_pipeline_dag.py","logger":"airflow.models.dagbag.DagBag"}
{"timestamp":"2025-05-05T12:52:22.184370","level":"error","event":"Failed to import: /opt/airflow/dags/tsmc_pipeline_dag.py","logger":"airflow.models.dagbag.DagBag","error_detail":[{"exc_type":"TypeError","exc_value":"DAG.__init__() got an unexpected keyword argument 'schedule_interval'","exc_notes":[],"syntax_error":null,"is_cause":false,"frames":[{"filename":"/home/airflow/.local/lib/python3.12/site-packages/airflow/models/dagbag.py","lineno":384,"name":"parse"},{"filename":"<frozen importlib._bootstrap_external>","lineno":999,"name":"exec_module"},{"filename":"<frozen importlib._bootstrap>","lineno":488,"name":"_call_with_frames_removed"},{"filename":"/opt/airflow/dags/tsmc_pipeline_dag.py","lineno":73,"name":"<module>"}]}]}
{"timestamp":"2025-05-05T12:52:52.729789","level":"info","event":"Filling up the DagBag from /opt/airflow/dags/tsmc_pipeline_dag.py","logger":"airflow.models.dagbag.DagBag"}
{"timestamp":"2025-05-05T12:52:53.590019","level":"error","event":"Failed to import: /opt/airflow/dags/tsmc_pipeline_dag.py","logger":"airflow.models.dagbag.DagBag","error_detail":[{"exc_type":"TypeError","exc_value":"DAG.__init__() got an unexpected keyword argument 'schedule_interval'","exc_notes":[],"syntax_error":null,"is_cause":false,"frames":[{"filename":"/home/airflow/.local/lib/python3.12/site-packages/airflow/models/dagbag.py","lineno":384,"name":"parse"},{"filename":"<frozen importlib._bootstrap_external>","lineno":999,"name":"exec_module"},{"filename":"<frozen importlib._bootstrap>","lineno":488,"name":"_call_with_frames_removed"},{"filename":"/opt/airflow/dags/tsmc_pipeline_dag.py","lineno":73,"name":"<module>"}]}]}
{"timestamp":"2025-05-05T12:53:23.901021","level":"info","event":"Filling up the DagBag from /opt/airflow/dags/tsmc_pipeline_dag.py","logger":"airflow.models.dagbag.DagBag"}
{"timestamp":"2025-05-05T12:53:24.213477","level":"error","event":"Failed to import: /opt/airflow/dags/tsmc_pipeline_dag.py","logger":"airflow.models.dagbag.DagBag","error_detail":[{"exc_type":"TypeError","exc_value":"DAG.__init__() got an unexpected keyword argument 'schedule_interval'","exc_notes":[],"syntax_error":null,"is_cause":false,"frames":[{"filename":"/home/airflow/.local/lib/python3.12/site-packages/airflow/models/dagbag.py","lineno":384,"name":"parse"},{"filename":"<frozen importlib._bootstrap_external>","lineno":999,"name":"exec_module"},{"filename":"<frozen importlib._bootstrap>","lineno":488,"name":"_call_with_frames_removed"},{"filename":"/opt/airflow/dags/tsmc_pipeline_dag.py","lineno":73,"name":"<module>"}]}]}
{"timestamp":"2025-05-05T12:53:54.524566","level":"info","event":"Filling up the DagBag from /opt/airflow/dags/tsmc_pipeline_dag.py","logger":"airflow.models.dagbag.DagBag"}
{"timestamp":"2025-05-05T12:53:54.867142","level":"error","event":"Failed to import: /opt/airflow/dags/tsmc_pipeline_dag.py","logger":"airflow.models.dagbag.DagBag","error_detail":[{"exc_type":"TypeError","exc_value":"DAG.__init__() got an unexpected keyword argument 'schedule_interval'","exc_notes":[],"syntax_error":null,"is_cause":false,"frames":[{"filename":"/home/airflow/.local/lib/python3.12/site-packages/airflow/models/dagbag.py","lineno":384,"name":"parse"},{"filename":"<frozen importlib._bootstrap_external>","lineno":999,"name":"exec_module"},{"filename":"<frozen importlib._bootstrap>","lineno":488,"name":"_call_with_frames_removed"},{"filename":"/opt/airflow/dags/tsmc_pipeline_dag.py","lineno":73,"name":"<module>"}]}]}
{"timestamp":"2025-05-05T12:54:25.170037","level":"info","event":"Filling up the DagBag from /opt/airflow/dags/tsmc_pipeline_dag.py","logger":"airflow.models.dagbag.DagBag"}
{"timestamp":"2025-05-05T12:54:25.455515","level":"error","event":"Failed to import: /opt/airflow/dags/tsmc_pipeline_dag.py","logger":"airflow.models.dagbag.DagBag","error_detail":[{"exc_type":"TypeError","exc_value":"DAG.__init__() got an unexpected keyword argument 'schedule_interval'","exc_notes":[],"syntax_error":null,"is_cause":false,"frames":[{"filename":"/home/airflow/.local/lib/python3.12/site-packages/airflow/models/dagbag.py","lineno":384,"name":"parse"},{"filename":"<frozen importlib._bootstrap_external>","lineno":999,"name":"exec_module"},{"filename":"<frozen importlib._bootstrap>","lineno":488,"name":"_call_with_frames_removed"},{"filename":"/opt/airflow/dags/tsmc_pipeline_dag.py","lineno":73,"name":"<module>"}]}]}
{"timestamp":"2025-05-05T12:54:50.741994","level":"info","event":"Filling up the DagBag from /opt/airflow/dags/tsmc_pipeline_dag.py","logger":"airflow.models.dagbag.DagBag"}
{"timestamp":"2025-05-05T12:54:51.083358","level":"error","event":"Failed to import: /opt/airflow/dags/tsmc_pipeline_dag.py","logger":"airflow.models.dagbag.DagBag","error_detail":[{"exc_type":"TypeError","exc_value":"DAG.__init__() got an unexpected keyword argument 'schedule_interval'","exc_notes":[],"syntax_error":null,"is_cause":false,"frames":[{"filename":"/home/airflow/.local/lib/python3.12/site-packages/airflow/models/dagbag.py","lineno":384,"name":"parse"},{"filename":"<frozen importlib._bootstrap_external>","lineno":999,"name":"exec_module"},{"filename":"<frozen importlib._bootstrap>","lineno":488,"name":"_call_with_frames_removed"},{"filename":"/opt/airflow/dags/tsmc_pipeline_dag.py","lineno":75,"name":"<module>"}]}]}
{"timestamp":"2025-05-05T12:55:19.369342","level":"info","event":"Filling up the DagBag from /opt/airflow/dags/tsmc_pipeline_dag.py","logger":"airflow.models.dagbag.DagBag"}
{"timestamp":"2025-05-05T12:57:15.374822","level":"info","event":"Filling up the DagBag from /opt/airflow/dags/tsmc_pipeline_dag.py","logger":"airflow.models.dagbag.DagBag"}
{"timestamp":"2025-05-05T12:57:47.118227","level":"info","event":"Filling up the DagBag from /opt/airflow/dags/tsmc_pipeline_dag.py","logger":"airflow.models.dagbag.DagBag"}
{"timestamp":"2025-05-05T12:58:18.249387","level":"info","event":"Filling up the DagBag from /opt/airflow/dags/tsmc_pipeline_dag.py","logger":"airflow.models.dagbag.DagBag"}
{"timestamp":"2025-05-05T12:58:49.310937","level":"info","event":"Filling up the DagBag from /opt/airflow/dags/tsmc_pipeline_dag.py","logger":"airflow.models.dagbag.DagBag"}
{"timestamp":"2025-05-05T12:59:19.997980","level":"info","event":"Filling up the DagBag from /opt/airflow/dags/tsmc_pipeline_dag.py","logger":"airflow.models.dagbag.DagBag"}
{"timestamp":"2025-05-05T12:59:50.602810","level":"info","event":"Filling up the DagBag from /opt/airflow/dags/tsmc_pipeline_dag.py","logger":"airflow.models.dagbag.DagBag"}
{"timestamp":"2025-05-05T13:00:21.164171","level":"info","event":"Filling up the DagBag from /opt/airflow/dags/tsmc_pipeline_dag.py","logger":"airflow.models.dagbag.DagBag"}
{"timestamp":"2025-05-05T13:00:51.733219","level":"info","event":"Filling up the DagBag from /opt/airflow/dags/tsmc_pipeline_dag.py","logger":"airflow.models.dagbag.DagBag"}
{"timestamp":"2025-05-05T13:01:22.363624","level":"info","event":"Filling up the DagBag from /opt/airflow/dags/tsmc_pipeline_dag.py","logger":"airflow.models.dagbag.DagBag"}
{"timestamp":"2025-05-05T13:01:52.901043","level":"info","event":"Filling up the DagBag from /opt/airflow/dags/tsmc_pipeline_dag.py","logger":"airflow.models.dagbag.DagBag"}
{"timestamp":"2025-05-05T13:02:23.607710","level":"info","event":"Filling up the DagBag from /opt/airflow/dags/tsmc_pipeline_dag.py","logger":"airflow.models.dagbag.DagBag"}
{"timestamp":"2025-05-05T13:02:54.422147","level":"info","event":"Filling up the DagBag from /opt/airflow/dags/tsmc_pipeline_dag.py","logger":"airflow.models.dagbag.DagBag"}
{"timestamp":"2025-05-05T13:03:04.863238","level":"info","event":"Filling up the DagBag from /opt/airflow/dags/tsmc_pipeline_dag.py","logger":"airflow.models.dagbag.DagBag"}
{"timestamp":"2025-05-05T13:03:35.679174","level":"info","event":"Filling up the DagBag from /opt/airflow/dags/tsmc_pipeline_dag.py","logger":"airflow.models.dagbag.DagBag"}
{"timestamp":"2025-05-05T13:04:06.825924","level":"info","event":"Filling up the DagBag from /opt/airflow/dags/tsmc_pipeline_dag.py","logger":"airflow.models.dagbag.DagBag"}
{"timestamp":"2025-05-05T13:04:37.363875","level":"info","event":"Filling up the DagBag from /opt/airflow/dags/tsmc_pipeline_dag.py","logger":"airflow.models.dagbag.DagBag"}
{"timestamp":"2025-05-05T13:05:07.948506","level":"info","event":"Filling up the DagBag from /opt/airflow/dags/tsmc_pipeline_dag.py","logger":"airflow.models.dagbag.DagBag"}
{"timestamp":"2025-05-05T13:05:38.521228","level":"info","event":"Filling up the DagBag from /opt/airflow/dags/tsmc_pipeline_dag.py","logger":"airflow.models.dagbag.DagBag"}
{"timestamp":"2025-05-05T13:06:10.681508","level":"info","event":"Filling up the DagBag from /opt/airflow/dags/tsmc_pipeline_dag.py","logger":"airflow.models.dagbag.DagBag"}
{"timestamp":"2025-05-05T13:06:13.122029","level":"info","event":"Filling up the DagBag from /opt/airflow/dags/tsmc_pipeline_dag.py","logger":"airflow.models.dagbag.DagBag"}
{"timestamp":"2025-05-05T13:06:43.871948","level":"info","event":"Filling up the DagBag from /opt/airflow/dags/tsmc_pipeline_dag.py","logger":"airflow.models.dagbag.DagBag"}
{"timestamp":"2025-05-05T13:07:14.743557","level":"info","event":"Filling up the DagBag from /opt/airflow/dags/tsmc_pipeline_dag.py","logger":"airflow.models.dagbag.DagBag"}
{"timestamp":"2025-05-05T13:07:45.317490","level":"info","event":"Filling up the DagBag from /opt/airflow/dags/tsmc_pipeline_dag.py","logger":"airflow.models.dagbag.DagBag"}
{"timestamp":"2025-05-05T13:08:15.927944","level":"info","event":"Filling up the DagBag from /opt/airflow/dags/tsmc_pipeline_dag.py","logger":"airflow.models.dagbag.DagBag"}
{"timestamp":"2025-05-05T13:08:18.277999","level":"info","event":"Filling up the DagBag from /opt/airflow/dags/tsmc_pipeline_dag.py","logger":"airflow.models.dagbag.DagBag"}
{"timestamp":"2025-05-05T13:08:48.822348","level":"info","event":"Filling up the DagBag from /opt/airflow/dags/tsmc_pipeline_dag.py","logger":"airflow.models.dagbag.DagBag"}
{"timestamp":"2025-05-05T13:09:20.360876","level":"info","event":"Filling up the DagBag from /opt/airflow/dags/tsmc_pipeline_dag.py","logger":"airflow.models.dagbag.DagBag"}
{"timestamp":"2025-05-05T13:09:50.900430","level":"info","event":"Filling up the DagBag from /opt/airflow/dags/tsmc_pipeline_dag.py","logger":"airflow.models.dagbag.DagBag"}
{"timestamp":"2025-05-05T13:10:21.653953","level":"info","event":"Filling up the DagBag from /opt/airflow/dags/tsmc_pipeline_dag.py","logger":"airflow.models.dagbag.DagBag"}
{"timestamp":"2025-05-05T13:10:52.374346","level":"info","event":"Filling up the DagBag from /opt/airflow/dags/tsmc_pipeline_dag.py","logger":"airflow.models.dagbag.DagBag"}
{"timestamp":"2025-05-05T13:11:23.128307","level":"info","event":"Filling up the DagBag from /opt/airflow/dags/tsmc_pipeline_dag.py","logger":"airflow.models.dagbag.DagBag"}
{"timestamp":"2025-05-05T13:11:53.854621","level":"info","event":"Filling up the DagBag from /opt/airflow/dags/tsmc_pipeline_dag.py","logger":"airflow.models.dagbag.DagBag"}
{"timestamp":"2025-05-05T13:12:24.696402","level":"info","event":"Filling up the DagBag from /opt/airflow/dags/tsmc_pipeline_dag.py","logger":"airflow.models.dagbag.DagBag"}
{"timestamp":"2025-05-05T13:12:55.300320","level":"info","event":"Filling up the DagBag from /opt/airflow/dags/tsmc_pipeline_dag.py","logger":"airflow.models.dagbag.DagBag"}
{"timestamp":"2025-05-05T13:13:26.050319","level":"info","event":"Filling up the DagBag from /opt/airflow/dags/tsmc_pipeline_dag.py","logger":"airflow.models.dagbag.DagBag"}
{"timestamp":"2025-05-05T13:13:56.785500","level":"info","event":"Filling up the DagBag from /opt/airflow/dags/tsmc_pipeline_dag.py","logger":"airflow.models.dagbag.DagBag"}
{"timestamp":"2025-05-05T13:14:27.485527","level":"info","event":"Filling up the DagBag from /opt/airflow/dags/tsmc_pipeline_dag.py","logger":"airflow.models.dagbag.DagBag"}
{"timestamp":"2025-05-05T13:14:58.220152","level":"info","event":"Filling up the DagBag from /opt/airflow/dags/tsmc_pipeline_dag.py","logger":"airflow.models.dagbag.DagBag"}
{"timestamp":"2025-05-05T13:15:29.051364","level":"info","event":"Filling up the DagBag from /opt/airflow/dags/tsmc_pipeline_dag.py","logger":"airflow.models.dagbag.DagBag"}
{"timestamp":"2025-05-05T13:15:59.773327","level":"info","event":"Filling up the DagBag from /opt/airflow/dags/tsmc_pipeline_dag.py","logger":"airflow.models.dagbag.DagBag"}
{"timestamp":"2025-05-05T13:16:30.508775","level":"info","event":"Filling up the DagBag from /opt/airflow/dags/tsmc_pipeline_dag.py","logger":"airflow.models.dagbag.DagBag"}
{"timestamp":"2025-05-05T13:17:01.369174","level":"info","event":"Filling up the DagBag from /opt/airflow/dags/tsmc_pipeline_dag.py","logger":"airflow.models.dagbag.DagBag"}
{"timestamp":"2025-05-05T13:17:17.044820","level":"info","event":"Filling up the DagBag from /opt/airflow/dags/tsmc_pipeline_dag.py","logger":"airflow.models.dagbag.DagBag"}
{"timestamp":"2025-05-05T13:17:47.948801","level":"info","event":"Filling up the DagBag from /opt/airflow/dags/tsmc_pipeline_dag.py","logger":"airflow.models.dagbag.DagBag"}
{"timestamp":"2025-05-05T13:18:18.851536","level":"info","event":"Filling up the DagBag from /opt/airflow/dags/tsmc_pipeline_dag.py","logger":"airflow.models.dagbag.DagBag"}
{"timestamp":"2025-05-05T13:18:49.646118","level":"info","event":"Filling up the DagBag from /opt/airflow/dags/tsmc_pipeline_dag.py","logger":"airflow.models.dagbag.DagBag"}
{"timestamp":"2025-05-05T13:19:20.375350","level":"info","event":"Filling up the DagBag from /opt/airflow/dags/tsmc_pipeline_dag.py","logger":"airflow.models.dagbag.DagBag"}
{"timestamp":"2025-05-05T13:55:38.305541","level":"info","event":"Filling up the DagBag from /opt/airflow/dags/tsmc_pipeline_dag.py","logger":"airflow.models.dagbag.DagBag"}
{"timestamp":"2025-05-05T13:55:44.069848","level":"info","event":"generated new fontManager","logger":"matplotlib.font_manager"}
{"timestamp":"2025-05-05T13:56:15.207050","level":"info","event":"Filling up the DagBag from /opt/airflow/dags/tsmc_pipeline_dag.py","logger":"airflow.models.dagbag.DagBag"}
{"timestamp":"2025-05-05T13:56:47.546813","level":"info","event":"Filling up the DagBag from /opt/airflow/dags/tsmc_pipeline_dag.py","logger":"airflow.models.dagbag.DagBag"}
{"timestamp":"2025-05-05T13:57:20.090673","level":"info","event":"Filling up the DagBag from /opt/airflow/dags/tsmc_pipeline_dag.py","logger":"airflow.models.dagbag.DagBag"}
{"timestamp":"2025-05-05T13:57:51.444225","level":"info","event":"Filling up the DagBag from /opt/airflow/dags/tsmc_pipeline_dag.py","logger":"airflow.models.dagbag.DagBag"}
{"timestamp":"2025-05-05T13:58:22.842428","level":"info","event":"Filling up the DagBag from /opt/airflow/dags/tsmc_pipeline_dag.py","logger":"airflow.models.dagbag.DagBag"}
{"timestamp":"2025-05-05T13:58:54.216512","level":"info","event":"Filling up the DagBag from /opt/airflow/dags/tsmc_pipeline_dag.py","logger":"airflow.models.dagbag.DagBag"}
{"timestamp":"2025-05-05T13:59:25.444194","level":"info","event":"Filling up the DagBag from /opt/airflow/dags/tsmc_pipeline_dag.py","logger":"airflow.models.dagbag.DagBag"}
{"timestamp":"2025-05-05T13:59:56.692980","level":"info","event":"Filling up the DagBag from /opt/airflow/dags/tsmc_pipeline_dag.py","logger":"airflow.models.dagbag.DagBag"}
{"timestamp":"2025-05-05T14:00:12.491787","level":"info","event":"Filling up the DagBag from /opt/airflow/dags/tsmc_pipeline_dag.py","logger":"airflow.models.dagbag.DagBag"}
{"timestamp":"2025-05-05T14:00:43.288636","level":"info","event":"Filling up the DagBag from /opt/airflow/dags/tsmc_pipeline_dag.py","logger":"airflow.models.dagbag.DagBag"}
{"timestamp":"2025-05-05T14:01:14.121640","level":"info","event":"Filling up the DagBag from /opt/airflow/dags/tsmc_pipeline_dag.py","logger":"airflow.models.dagbag.DagBag"}
{"timestamp":"2025-05-05T14:01:45.030042","level":"info","event":"Filling up the DagBag from /opt/airflow/dags/tsmc_pipeline_dag.py","logger":"airflow.models.dagbag.DagBag"}
{"timestamp":"2025-05-05T14:02:15.641644","level":"info","event":"Filling up the DagBag from /opt/airflow/dags/tsmc_pipeline_dag.py","logger":"airflow.models.dagbag.DagBag"}
{"timestamp":"2025-05-05T14:02:46.659297","level":"info","event":"Filling up the DagBag from /opt/airflow/dags/tsmc_pipeline_dag.py","logger":"airflow.models.dagbag.DagBag"}
{"timestamp":"2025-05-05T14:03:21.138994","level":"info","event":"Filling up the DagBag from /opt/airflow/dags/tsmc_pipeline_dag.py","logger":"airflow.models.dagbag.DagBag"}
{"timestamp":"2025-05-05T14:05:29.809971","level":"info","event":"Filling up the DagBag from /opt/airflow/dags/tsmc_pipeline_dag.py","logger":"airflow.models.dagbag.DagBag"}
{"timestamp":"2025-05-05T14:06:05.286519","level":"info","event":"Filling up the DagBag from /opt/airflow/dags/tsmc_pipeline_dag.py","logger":"airflow.models.dagbag.DagBag"}
{"timestamp":"2025-05-05T14:06:37.792399","level":"info","event":"Filling up the DagBag from /opt/airflow/dags/tsmc_pipeline_dag.py","logger":"airflow.models.dagbag.DagBag"}
{"timestamp":"2025-05-05T14:07:09.267146","level":"info","event":"Filling up the DagBag from /opt/airflow/dags/tsmc_pipeline_dag.py","logger":"airflow.models.dagbag.DagBag"}
{"timestamp":"2025-05-05T14:07:39.947821","level":"info","event":"Filling up the DagBag from /opt/airflow/dags/tsmc_pipeline_dag.py","logger":"airflow.models.dagbag.DagBag"}
{"timestamp":"2025-05-05T14:08:10.591013","level":"info","event":"Filling up the DagBag from /opt/airflow/dags/tsmc_pipeline_dag.py","logger":"airflow.models.dagbag.DagBag"}
{"timestamp":"2025-05-05T14:08:41.061439","level":"info","event":"Filling up the DagBag from /opt/airflow/dags/tsmc_pipeline_dag.py","logger":"airflow.models.dagbag.DagBag"}
{"timestamp":"2025-05-05T14:09:11.615667","level":"info","event":"Filling up the DagBag from /opt/airflow/dags/tsmc_pipeline_dag.py","logger":"airflow.models.dagbag.DagBag"}
{"timestamp":"2025-05-05T14:09:41.985211","level":"info","event":"Filling up the DagBag from /opt/airflow/dags/tsmc_pipeline_dag.py","logger":"airflow.models.dagbag.DagBag"}
{"timestamp":"2025-05-05T14:10:12.397996","level":"info","event":"Filling up the DagBag from /opt/airflow/dags/tsmc_pipeline_dag.py","logger":"airflow.models.dagbag.DagBag"}
{"timestamp":"2025-05-05T14:10:44.323556","level":"info","event":"Filling up the DagBag from /opt/airflow/dags/tsmc_pipeline_dag.py","logger":"airflow.models.dagbag.DagBag"}
{"timestamp":"2025-05-05T14:11:16.503678","level":"info","event":"Filling up the DagBag from /opt/airflow/dags/tsmc_pipeline_dag.py","logger":"airflow.models.dagbag.DagBag"}
{"timestamp":"2025-05-05T14:11:47.185685","level":"info","event":"Filling up the DagBag from /opt/airflow/dags/tsmc_pipeline_dag.py","logger":"airflow.models.dagbag.DagBag"}
{"timestamp":"2025-05-05T14:12:17.711878","level":"info","event":"Filling up the DagBag from /opt/airflow/dags/tsmc_pipeline_dag.py","logger":"airflow.models.dagbag.DagBag"}
{"timestamp":"2025-05-05T14:12:48.778353","level":"info","event":"Filling up the DagBag from /opt/airflow/dags/tsmc_pipeline_dag.py","logger":"airflow.models.dagbag.DagBag"}
{"timestamp":"2025-05-05T14:13:20.006702","level":"info","event":"Filling up the DagBag from /opt/airflow/dags/tsmc_pipeline_dag.py","logger":"airflow.models.dagbag.DagBag"}
{"timestamp":"2025-05-05T14:13:51.490216","level":"info","event":"Filling up the DagBag from /opt/airflow/dags/tsmc_pipeline_dag.py","logger":"airflow.models.dagbag.DagBag"}
{"timestamp":"2025-05-05T14:14:22.479975","level":"info","event":"Filling up the DagBag from /opt/airflow/dags/tsmc_pipeline_dag.py","logger":"airflow.models.dagbag.DagBag"}
{"timestamp":"2025-05-05T14:14:53.331641","level":"info","event":"Filling up the DagBag from /opt/airflow/dags/tsmc_pipeline_dag.py","logger":"airflow.models.dagbag.DagBag"}
{"timestamp":"2025-05-05T14:15:24.262319","level":"info","event":"Filling up the DagBag from /opt/airflow/dags/tsmc_pipeline_dag.py","logger":"airflow.models.dagbag.DagBag"}
{"timestamp":"2025-05-05T14:15:55.253686","level":"info","event":"Filling up the DagBag from /opt/airflow/dags/tsmc_pipeline_dag.py","logger":"airflow.models.dagbag.DagBag"}
{"timestamp":"2025-05-05T14:16:26.240124","level":"info","event":"Filling up the DagBag from /opt/airflow/dags/tsmc_pipeline_dag.py","logger":"airflow.models.dagbag.DagBag"}
{"timestamp":"2025-05-05T14:16:57.923625","level":"info","event":"Filling up the DagBag from /opt/airflow/dags/tsmc_pipeline_dag.py","logger":"airflow.models.dagbag.DagBag"}
{"timestamp":"2025-05-05T14:17:29.333603","level":"info","event":"Filling up the DagBag from /opt/airflow/dags/tsmc_pipeline_dag.py","logger":"airflow.models.dagbag.DagBag"}
{"timestamp":"2025-05-05T14:18:00.651771","level":"info","event":"Filling up the DagBag from /opt/airflow/dags/tsmc_pipeline_dag.py","logger":"airflow.models.dagbag.DagBag"}
{"timestamp":"2025-05-05T14:18:31.477680","level":"info","event":"Filling up the DagBag from /opt/airflow/dags/tsmc_pipeline_dag.py","logger":"airflow.models.dagbag.DagBag"}
{"timestamp":"2025-05-05T14:18:42.107746","level":"info","event":"Filling up the DagBag from /opt/airflow/dags/tsmc_pipeline_dag.py","logger":"airflow.models.dagbag.DagBag"}
{"timestamp":"2025-05-05T14:19:12.388105","level":"info","event":"Filling up the DagBag from /opt/airflow/dags/tsmc_pipeline_dag.py","logger":"airflow.models.dagbag.DagBag"}
{"timestamp":"2025-05-05T14:19:42.569151","level":"info","event":"Filling up the DagBag from /opt/airflow/dags/tsmc_pipeline_dag.py","logger":"airflow.models.dagbag.DagBag"}
{"timestamp":"2025-05-05T14:20:12.774851","level":"info","event":"Filling up the DagBag from /opt/airflow/dags/tsmc_pipeline_dag.py","logger":"airflow.models.dagbag.DagBag"}
{"timestamp":"2025-05-05T14:20:42.944156","level":"info","event":"Filling up the DagBag from /opt/airflow/dags/tsmc_pipeline_dag.py","logger":"airflow.models.dagbag.DagBag"}
{"timestamp":"2025-05-05T14:21:13.159011","level":"info","event":"Filling up the DagBag from /opt/airflow/dags/tsmc_pipeline_dag.py","logger":"airflow.models.dagbag.DagBag"}
{"timestamp":"2025-05-05T14:21:43.671590","level":"info","event":"Filling up the DagBag from /opt/airflow/dags/tsmc_pipeline_dag.py","logger":"airflow.models.dagbag.DagBag"}
{"timestamp":"2025-05-05T14:22:14.898506","level":"info","event":"Filling up the DagBag from /opt/airflow/dags/tsmc_pipeline_dag.py","logger":"airflow.models.dagbag.DagBag"}
{"timestamp":"2025-05-05T14:22:45.593517","level":"info","event":"Filling up the DagBag from /opt/airflow/dags/tsmc_pipeline_dag.py","logger":"airflow.models.dagbag.DagBag"}
{"timestamp":"2025-05-05T14:23:15.742731","level":"info","event":"Filling up the DagBag from /opt/airflow/dags/tsmc_pipeline_dag.py","logger":"airflow.models.dagbag.DagBag"}
{"timestamp":"2025-05-05T14:23:45.954980","level":"info","event":"Filling up the DagBag from /opt/airflow/dags/tsmc_pipeline_dag.py","logger":"airflow.models.dagbag.DagBag"}
{"timestamp":"2025-05-05T14:24:16.102377","level":"info","event":"Filling up the DagBag from /opt/airflow/dags/tsmc_pipeline_dag.py","logger":"airflow.models.dagbag.DagBag"}
{"timestamp":"2025-05-05T14:29:54.933808","level":"info","event":"Filling up the DagBag from /opt/airflow/dags/tsmc_pipeline_dag.py","logger":"airflow.models.dagbag.DagBag"}
{"timestamp":"2025-05-05T14:30:30.958374","level":"info","event":"Filling up the DagBag from /opt/airflow/dags/tsmc_pipeline_dag.py","logger":"airflow.models.dagbag.DagBag"}
{"timestamp":"2025-05-05T14:31:02.335506","level":"info","event":"Filling up the DagBag from /opt/airflow/dags/tsmc_pipeline_dag.py","logger":"airflow.models.dagbag.DagBag"}
{"timestamp":"2025-05-05T14:31:33.159714","level":"info","event":"Filling up the DagBag from /opt/airflow/dags/tsmc_pipeline_dag.py","logger":"airflow.models.dagbag.DagBag"}
{"timestamp":"2025-05-05T14:32:03.426501","level":"info","event":"Filling up the DagBag from /opt/airflow/dags/tsmc_pipeline_dag.py","logger":"airflow.models.dagbag.DagBag"}
{"timestamp":"2025-05-05T14:32:33.553203","level":"info","event":"Filling up the DagBag from /opt/airflow/dags/tsmc_pipeline_dag.py","logger":"airflow.models.dagbag.DagBag"}
{"timestamp":"2025-05-05T14:33:03.654074","level":"info","event":"Filling up the DagBag from /opt/airflow/dags/tsmc_pipeline_dag.py","logger":"airflow.models.dagbag.DagBag"}
{"timestamp":"2025-05-05T14:33:33.967721","level":"info","event":"Filling up the DagBag from /opt/airflow/dags/tsmc_pipeline_dag.py","logger":"airflow.models.dagbag.DagBag"}
{"timestamp":"2025-05-05T14:34:04.303668","level":"info","event":"Filling up the DagBag from /opt/airflow/dags/tsmc_pipeline_dag.py","logger":"airflow.models.dagbag.DagBag"}
{"timestamp":"2025-05-05T14:34:34.627645","level":"info","event":"Filling up the DagBag from /opt/airflow/dags/tsmc_pipeline_dag.py","logger":"airflow.models.dagbag.DagBag"}
{"timestamp":"2025-05-05T14:35:05.460231","level":"info","event":"Filling up the DagBag from /opt/airflow/dags/tsmc_pipeline_dag.py","logger":"airflow.models.dagbag.DagBag"}
{"timestamp":"2025-05-05T14:35:35.689538","level":"info","event":"Filling up the DagBag from /opt/airflow/dags/tsmc_pipeline_dag.py","logger":"airflow.models.dagbag.DagBag"}
{"timestamp":"2025-05-05T14:36:05.912125","level":"info","event":"Filling up the DagBag from /opt/airflow/dags/tsmc_pipeline_dag.py","logger":"airflow.models.dagbag.DagBag"}
{"timestamp":"2025-05-05T14:36:36.932628","level":"info","event":"Filling up the DagBag from /opt/airflow/dags/tsmc_pipeline_dag.py","logger":"airflow.models.dagbag.DagBag"}
{"timestamp":"2025-05-05T14:37:07.038870","level":"info","event":"Filling up the DagBag from /opt/airflow/dags/tsmc_pipeline_dag.py","logger":"airflow.models.dagbag.DagBag"}
{"timestamp":"2025-05-05T14:37:37.124253","level":"info","event":"Filling up the DagBag from /opt/airflow/dags/tsmc_pipeline_dag.py","logger":"airflow.models.dagbag.DagBag"}
{"timestamp":"2025-05-05T14:38:07.304599","level":"info","event":"Filling up the DagBag from /opt/airflow/dags/tsmc_pipeline_dag.py","logger":"airflow.models.dagbag.DagBag"}
{"timestamp":"2025-05-05T14:38:37.688069","level":"info","event":"Filling up the DagBag from /opt/airflow/dags/tsmc_pipeline_dag.py","logger":"airflow.models.dagbag.DagBag"}
{"timestamp":"2025-05-05T20:38:19.626582","level":"info","event":"Filling up the DagBag from /opt/airflow/dags/tsmc_pipeline_dag.py","logger":"airflow.models.dagbag.DagBag"}
{"timestamp":"2025-05-05T20:38:52.321342","level":"info","event":"Filling up the DagBag from /opt/airflow/dags/tsmc_pipeline_dag.py","logger":"airflow.models.dagbag.DagBag"}
{"timestamp":"2025-05-05T20:39:22.898946","level":"info","event":"Filling up the DagBag from /opt/airflow/dags/tsmc_pipeline_dag.py","logger":"airflow.models.dagbag.DagBag"}
{"timestamp":"2025-05-05T20:39:53.861053","level":"info","event":"Filling up the DagBag from /opt/airflow/dags/tsmc_pipeline_dag.py","logger":"airflow.models.dagbag.DagBag"}
{"timestamp":"2025-05-05T20:40:24.426944","level":"info","event":"Filling up the DagBag from /opt/airflow/dags/tsmc_pipeline_dag.py","logger":"airflow.models.dagbag.DagBag"}
{"timestamp":"2025-05-05T20:40:54.530626","level":"info","event":"Filling up the DagBag from /opt/airflow/dags/tsmc_pipeline_dag.py","logger":"airflow.models.dagbag.DagBag"}
{"timestamp":"2025-05-05T20:41:24.625233","level":"info","event":"Filling up the DagBag from /opt/airflow/dags/tsmc_pipeline_dag.py","logger":"airflow.models.dagbag.DagBag"}
{"timestamp":"2025-05-05T20:41:54.712703","level":"info","event":"Filling up the DagBag from /opt/airflow/dags/tsmc_pipeline_dag.py","logger":"airflow.models.dagbag.DagBag"}
{"timestamp":"2025-05-05T20:42:24.839345","level":"info","event":"Filling up the DagBag from /opt/airflow/dags/tsmc_pipeline_dag.py","logger":"airflow.models.dagbag.DagBag"}
{"timestamp":"2025-05-05T20:42:54.909937","level":"info","event":"Filling up the DagBag from /opt/airflow/dags/tsmc_pipeline_dag.py","logger":"airflow.models.dagbag.DagBag"}
{"timestamp":"2025-05-05T20:43:25.006329","level":"info","event":"Filling up the DagBag from /opt/airflow/dags/tsmc_pipeline_dag.py","logger":"airflow.models.dagbag.DagBag"}
{"timestamp":"2025-05-05T20:43:55.078402","level":"info","event":"Filling up the DagBag from /opt/airflow/dags/tsmc_pipeline_dag.py","logger":"airflow.models.dagbag.DagBag"}
{"timestamp":"2025-05-05T20:44:25.190305","level":"info","event":"Filling up the DagBag from /opt/airflow/dags/tsmc_pipeline_dag.py","logger":"airflow.models.dagbag.DagBag"}
{"timestamp":"2025-05-05T20:44:55.308742","level":"info","event":"Filling up the DagBag from /opt/airflow/dags/tsmc_pipeline_dag.py","logger":"airflow.models.dagbag.DagBag"}
{"timestamp":"2025-05-05T20:45:26.350506","level":"info","event":"Filling up the DagBag from /opt/airflow/dags/tsmc_pipeline_dag.py","logger":"airflow.models.dagbag.DagBag"}
{"timestamp":"2025-05-05T20:45:56.562441","level":"info","event":"Filling up the DagBag from /opt/airflow/dags/tsmc_pipeline_dag.py","logger":"airflow.models.dagbag.DagBag"}
{"timestamp":"2025-05-05T20:46:27.191872","level":"info","event":"Filling up the DagBag from /opt/airflow/dags/tsmc_pipeline_dag.py","logger":"airflow.models.dagbag.DagBag"}
{"timestamp":"2025-05-05T20:46:57.944771","level":"info","event":"Filling up the DagBag from /opt/airflow/dags/tsmc_pipeline_dag.py","logger":"airflow.models.dagbag.DagBag"}
{"timestamp":"2025-05-05T20:47:28.134872","level":"info","event":"Filling up the DagBag from /opt/airflow/dags/tsmc_pipeline_dag.py","logger":"airflow.models.dagbag.DagBag"}
{"timestamp":"2025-05-05T20:47:58.692694","level":"info","event":"Filling up the DagBag from /opt/airflow/dags/tsmc_pipeline_dag.py","logger":"airflow.models.dagbag.DagBag"}
{"timestamp":"2025-05-05T20:48:28.777966","level":"info","event":"Filling up the DagBag from /opt/airflow/dags/tsmc_pipeline_dag.py","logger":"airflow.models.dagbag.DagBag"}
{"timestamp":"2025-05-05T20:48:58.865921","level":"info","event":"Filling up the DagBag from /opt/airflow/dags/tsmc_pipeline_dag.py","logger":"airflow.models.dagbag.DagBag"}
{"timestamp":"2025-05-05T20:49:28.929246","level":"info","event":"Filling up the DagBag from /opt/airflow/dags/tsmc_pipeline_dag.py","logger":"airflow.models.dagbag.DagBag"}
{"timestamp":"2025-05-05T20:49:59.947078","level":"info","event":"Filling up the DagBag from /opt/airflow/dags/tsmc_pipeline_dag.py","logger":"airflow.models.dagbag.DagBag"}
{"timestamp":"2025-05-05T20:50:30.431251","level":"info","event":"Filling up the DagBag from /opt/airflow/dags/tsmc_pipeline_dag.py","logger":"airflow.models.dagbag.DagBag"}
{"timestamp":"2025-05-05T20:51:00.534763","level":"info","event":"Filling up the DagBag from /opt/airflow/dags/tsmc_pipeline_dag.py","logger":"airflow.models.dagbag.DagBag"}
{"timestamp":"2025-05-05T20:51:30.841080","level":"info","event":"Filling up the DagBag from /opt/airflow/dags/tsmc_pipeline_dag.py","logger":"airflow.models.dagbag.DagBag"}
{"timestamp":"2025-05-05T20:52:01.494189","level":"info","event":"Filling up the DagBag from /opt/airflow/dags/tsmc_pipeline_dag.py","logger":"airflow.models.dagbag.DagBag"}
{"timestamp":"2025-05-05T20:52:31.562146","level":"info","event":"Filling up the DagBag from /opt/airflow/dags/tsmc_pipeline_dag.py","logger":"airflow.models.dagbag.DagBag"}
{"timestamp":"2025-05-05T20:53:01.631580","level":"info","event":"Filling up the DagBag from /opt/airflow/dags/tsmc_pipeline_dag.py","logger":"airflow.models.dagbag.DagBag"}
{"timestamp":"2025-05-05T20:53:31.761327","level":"info","event":"Filling up the DagBag from /opt/airflow/dags/tsmc_pipeline_dag.py","logger":"airflow.models.dagbag.DagBag"}
{"timestamp":"2025-05-05T20:54:02.791308","level":"info","event":"Filling up the DagBag from /opt/airflow/dags/tsmc_pipeline_dag.py","logger":"airflow.models.dagbag.DagBag"}
{"timestamp":"2025-05-05T20:54:32.849851","level":"info","event":"Filling up the DagBag from /opt/airflow/dags/tsmc_pipeline_dag.py","logger":"airflow.models.dagbag.DagBag"}
{"timestamp":"2025-05-05T20:55:02.945883","level":"info","event":"Filling up the DagBag from /opt/airflow/dags/tsmc_pipeline_dag.py","logger":"airflow.models.dagbag.DagBag"}
{"timestamp":"2025-05-05T20:55:33.167462","level":"info","event":"Filling up the DagBag from /opt/airflow/dags/tsmc_pipeline_dag.py","logger":"airflow.models.dagbag.DagBag"}
{"timestamp":"2025-05-05T20:56:03.302538","level":"info","event":"Filling up the DagBag from /opt/airflow/dags/tsmc_pipeline_dag.py","logger":"airflow.models.dagbag.DagBag"}
{"timestamp":"2025-05-05T20:56:34.126945","level":"info","event":"Filling up the DagBag from /opt/airflow/dags/tsmc_pipeline_dag.py","logger":"airflow.models.dagbag.DagBag"}
{"timestamp":"2025-05-05T20:57:04.444670","level":"info","event":"Filling up the DagBag from /opt/airflow/dags/tsmc_pipeline_dag.py","logger":"airflow.models.dagbag.DagBag"}
{"timestamp":"2025-05-05T20:57:34.890454","level":"info","event":"Filling up the DagBag from /opt/airflow/dags/tsmc_pipeline_dag.py","logger":"airflow.models.dagbag.DagBag"}
{"timestamp":"2025-05-05T20:58:05.192726","level":"info","event":"Filling up the DagBag from /opt/airflow/dags/tsmc_pipeline_dag.py","logger":"airflow.models.dagbag.DagBag"}
{"timestamp":"2025-05-05T20:58:35.695067","level":"info","event":"Filling up the DagBag from /opt/airflow/dags/tsmc_pipeline_dag.py","logger":"airflow.models.dagbag.DagBag"}
{"timestamp":"2025-05-05T20:59:06.016339","level":"info","event":"Filling up the DagBag from /opt/airflow/dags/tsmc_pipeline_dag.py","logger":"airflow.models.dagbag.DagBag"}
{"timestamp":"2025-05-05T21:06:25.214935","level":"info","event":"Filling up the DagBag from /opt/airflow/dags/tsmc_pipeline_dag.py","logger":"airflow.models.dagbag.DagBag"}
{"timestamp":"2025-05-05T21:06:55.930506","level":"info","event":"Filling up the DagBag from /opt/airflow/dags/tsmc_pipeline_dag.py","logger":"airflow.models.dagbag.DagBag"}
{"timestamp":"2025-05-05T21:07:26.982799","level":"info","event":"Filling up the DagBag from /opt/airflow/dags/tsmc_pipeline_dag.py","logger":"airflow.models.dagbag.DagBag"}
{"timestamp":"2025-05-05T21:07:57.849605","level":"info","event":"Filling up the DagBag from /opt/airflow/dags/tsmc_pipeline_dag.py","logger":"airflow.models.dagbag.DagBag"}
{"timestamp":"2025-05-05T21:08:28.712840","level":"info","event":"Filling up the DagBag from /opt/airflow/dags/tsmc_pipeline_dag.py","logger":"airflow.models.dagbag.DagBag"}
{"timestamp":"2025-05-05T21:08:59.357234","level":"info","event":"Filling up the DagBag from /opt/airflow/dags/tsmc_pipeline_dag.py","logger":"airflow.models.dagbag.DagBag"}
{"timestamp":"2025-05-05T21:09:29.540345","level":"info","event":"Filling up the DagBag from /opt/airflow/dags/tsmc_pipeline_dag.py","logger":"airflow.models.dagbag.DagBag"}
{"timestamp":"2025-05-05T21:09:59.909327","level":"info","event":"Filling up the DagBag from /opt/airflow/dags/tsmc_pipeline_dag.py","logger":"airflow.models.dagbag.DagBag"}
{"timestamp":"2025-05-05T21:10:30.222854","level":"info","event":"Filling up the DagBag from /opt/airflow/dags/tsmc_pipeline_dag.py","logger":"airflow.models.dagbag.DagBag"}
{"timestamp":"2025-05-05T21:11:00.872440","level":"info","event":"Filling up the DagBag from /opt/airflow/dags/tsmc_pipeline_dag.py","logger":"airflow.models.dagbag.DagBag"}
{"timestamp":"2025-05-05T21:11:31.077182","level":"info","event":"Filling up the DagBag from /opt/airflow/dags/tsmc_pipeline_dag.py","logger":"airflow.models.dagbag.DagBag"}
{"timestamp":"2025-05-05T21:12:01.838879","level":"info","event":"Filling up the DagBag from /opt/airflow/dags/tsmc_pipeline_dag.py","logger":"airflow.models.dagbag.DagBag"}
{"timestamp":"2025-05-05T21:12:32.950861","level":"info","event":"Filling up the DagBag from /opt/airflow/dags/tsmc_pipeline_dag.py","logger":"airflow.models.dagbag.DagBag"}
{"timestamp":"2025-05-05T21:13:03.824709","level":"info","event":"Filling up the DagBag from /opt/airflow/dags/tsmc_pipeline_dag.py","logger":"airflow.models.dagbag.DagBag"}
{"timestamp":"2025-05-05T21:13:34.694160","level":"info","event":"Filling up the DagBag from /opt/airflow/dags/tsmc_pipeline_dag.py","logger":"airflow.models.dagbag.DagBag"}
{"timestamp":"2025-05-05T21:14:05.393317","level":"info","event":"Filling up the DagBag from /opt/airflow/dags/tsmc_pipeline_dag.py","logger":"airflow.models.dagbag.DagBag"}
{"timestamp":"2025-05-05T21:14:35.584594","level":"info","event":"Filling up the DagBag from /opt/airflow/dags/tsmc_pipeline_dag.py","logger":"airflow.models.dagbag.DagBag"}
{"timestamp":"2025-05-05T21:15:06.004707","level":"info","event":"Filling up the DagBag from /opt/airflow/dags/tsmc_pipeline_dag.py","logger":"airflow.models.dagbag.DagBag"}
{"timestamp":"2025-05-05T21:15:36.728455","level":"info","event":"Filling up the DagBag from /opt/airflow/dags/tsmc_pipeline_dag.py","logger":"airflow.models.dagbag.DagBag"}
{"timestamp":"2025-05-05T21:16:07.013159","level":"info","event":"Filling up the DagBag from /opt/airflow/dags/tsmc_pipeline_dag.py","logger":"airflow.models.dagbag.DagBag"}
{"timestamp":"2025-05-05T21:16:37.404031","level":"info","event":"Filling up the DagBag from /opt/airflow/dags/tsmc_pipeline_dag.py","logger":"airflow.models.dagbag.DagBag"}
{"timestamp":"2025-05-05T21:17:07.713373","level":"info","event":"Filling up the DagBag from /opt/airflow/dags/tsmc_pipeline_dag.py","logger":"airflow.models.dagbag.DagBag"}
{"timestamp":"2025-05-05T21:17:38.758322","level":"info","event":"Filling up the DagBag from /opt/airflow/dags/tsmc_pipeline_dag.py","logger":"airflow.models.dagbag.DagBag"}
{"timestamp":"2025-05-05T21:18:09.069312","level":"info","event":"Filling up the DagBag from /opt/airflow/dags/tsmc_pipeline_dag.py","logger":"airflow.models.dagbag.DagBag"}
{"timestamp":"2025-05-05T21:18:39.288423","level":"info","event":"Filling up the DagBag from /opt/airflow/dags/tsmc_pipeline_dag.py","logger":"airflow.models.dagbag.DagBag"}
{"timestamp":"2025-05-05T21:19:09.887695","level":"info","event":"Filling up the DagBag from /opt/airflow/dags/tsmc_pipeline_dag.py","logger":"airflow.models.dagbag.DagBag"}
{"timestamp":"2025-05-05T21:19:40.262613","level":"info","event":"Filling up the DagBag from /opt/airflow/dags/tsmc_pipeline_dag.py","logger":"airflow.models.dagbag.DagBag"}
{"timestamp":"2025-05-05T21:20:10.874767","level":"info","event":"Filling up the DagBag from /opt/airflow/dags/tsmc_pipeline_dag.py","logger":"airflow.models.dagbag.DagBag"}
{"timestamp":"2025-05-05T21:20:41.441974","level":"info","event":"Filling up the DagBag from /opt/airflow/dags/tsmc_pipeline_dag.py","logger":"airflow.models.dagbag.DagBag"}
{"timestamp":"2025-05-05T21:21:12.056629","level":"info","event":"Filling up the DagBag from /opt/airflow/dags/tsmc_pipeline_dag.py","logger":"airflow.models.dagbag.DagBag"}
{"timestamp":"2025-05-05T21:21:42.787910","level":"info","event":"Filling up the DagBag from /opt/airflow/dags/tsmc_pipeline_dag.py","logger":"airflow.models.dagbag.DagBag"}
{"timestamp":"2025-05-05T21:22:13.177259","level":"info","event":"Filling up the DagBag from /opt/airflow/dags/tsmc_pipeline_dag.py","logger":"airflow.models.dagbag.DagBag"}
{"timestamp":"2025-05-05T21:22:43.570527","level":"info","event":"Filling up the DagBag from /opt/airflow/dags/tsmc_pipeline_dag.py","logger":"airflow.models.dagbag.DagBag"}
{"timestamp":"2025-05-05T21:23:14.004431","level":"info","event":"Filling up the DagBag from /opt/airflow/dags/tsmc_pipeline_dag.py","logger":"airflow.models.dagbag.DagBag"}
{"timestamp":"2025-05-05T21:23:44.416174","level":"info","event":"Filling up the DagBag from /opt/airflow/dags/tsmc_pipeline_dag.py","logger":"airflow.models.dagbag.DagBag"}
{"timestamp":"2025-05-05T21:24:14.825601","level":"info","event":"Filling up the DagBag from /opt/airflow/dags/tsmc_pipeline_dag.py","logger":"airflow.models.dagbag.DagBag"}
{"timestamp":"2025-05-05T21:24:45.184880","level":"info","event":"Filling up the DagBag from /opt/airflow/dags/tsmc_pipeline_dag.py","logger":"airflow.models.dagbag.DagBag"}
{"timestamp":"2025-05-05T21:25:15.530869","level":"info","event":"Filling up the DagBag from /opt/airflow/dags/tsmc_pipeline_dag.py","logger":"airflow.models.dagbag.DagBag"}
{"timestamp":"2025-05-05T21:25:45.895867","level":"info","event":"Filling up the DagBag from /opt/airflow/dags/tsmc_pipeline_dag.py","logger":"airflow.models.dagbag.DagBag"}
{"timestamp":"2025-05-05T21:26:16.154279","level":"info","event":"Filling up the DagBag from /opt/airflow/dags/tsmc_pipeline_dag.py","logger":"airflow.models.dagbag.DagBag"}
{"timestamp":"2025-05-05T21:26:46.637881","level":"info","event":"Filling up the DagBag from /opt/airflow/dags/tsmc_pipeline_dag.py","logger":"airflow.models.dagbag.DagBag"}
{"timestamp":"2025-05-05T21:27:17.178405","level":"info","event":"Filling up the DagBag from /opt/airflow/dags/tsmc_pipeline_dag.py","logger":"airflow.models.dagbag.DagBag"}
{"timestamp":"2025-05-05T21:27:47.516328","level":"info","event":"Filling up the DagBag from /opt/airflow/dags/tsmc_pipeline_dag.py","logger":"airflow.models.dagbag.DagBag"}
{"timestamp":"2025-05-05T21:28:18.303151","level":"info","event":"Filling up the DagBag from /opt/airflow/dags/tsmc_pipeline_dag.py","logger":"airflow.models.dagbag.DagBag"}
{"timestamp":"2025-05-05T21:28:48.752301","level":"info","event":"Filling up the DagBag from /opt/airflow/dags/tsmc_pipeline_dag.py","logger":"airflow.models.dagbag.DagBag"}
{"timestamp":"2025-05-05T21:29:19.296822","level":"info","event":"Filling up the DagBag from /opt/airflow/dags/tsmc_pipeline_dag.py","logger":"airflow.models.dagbag.DagBag"}
{"timestamp":"2025-05-05T21:29:49.438867","level":"info","event":"Filling up the DagBag from /opt/airflow/dags/tsmc_pipeline_dag.py","logger":"airflow.models.dagbag.DagBag"}
{"timestamp":"2025-05-05T21:30:20.018927","level":"info","event":"Filling up the DagBag from /opt/airflow/dags/tsmc_pipeline_dag.py","logger":"airflow.models.dagbag.DagBag"}
{"timestamp":"2025-05-05T21:30:50.654617","level":"info","event":"Filling up the DagBag from /opt/airflow/dags/tsmc_pipeline_dag.py","logger":"airflow.models.dagbag.DagBag"}
{"timestamp":"2025-05-05T21:31:21.173769","level":"info","event":"Filling up the DagBag from /opt/airflow/dags/tsmc_pipeline_dag.py","logger":"airflow.models.dagbag.DagBag"}
{"timestamp":"2025-05-05T21:31:51.579790","level":"info","event":"Filling up the DagBag from /opt/airflow/dags/tsmc_pipeline_dag.py","logger":"airflow.models.dagbag.DagBag"}
{"timestamp":"2025-05-05T21:32:21.991371","level":"info","event":"Filling up the DagBag from /opt/airflow/dags/tsmc_pipeline_dag.py","logger":"airflow.models.dagbag.DagBag"}
{"timestamp":"2025-05-05T21:32:52.464375","level":"info","event":"Filling up the DagBag from /opt/airflow/dags/tsmc_pipeline_dag.py","logger":"airflow.models.dagbag.DagBag"}
{"timestamp":"2025-05-05T21:33:22.584244","level":"info","event":"Filling up the DagBag from /opt/airflow/dags/tsmc_pipeline_dag.py","logger":"airflow.models.dagbag.DagBag"}
{"timestamp":"2025-05-05T21:33:52.718168","level":"info","event":"Filling up the DagBag from /opt/airflow/dags/tsmc_pipeline_dag.py","logger":"airflow.models.dagbag.DagBag"}
{"timestamp":"2025-05-05T21:34:22.814421","level":"info","event":"Filling up the DagBag from /opt/airflow/dags/tsmc_pipeline_dag.py","logger":"airflow.models.dagbag.DagBag"}
{"timestamp":"2025-05-05T21:34:52.886618","level":"info","event":"Filling up the DagBag from /opt/airflow/dags/tsmc_pipeline_dag.py","logger":"airflow.models.dagbag.DagBag"}
{"timestamp":"2025-05-05T21:35:22.990720","level":"info","event":"Filling up the DagBag from /opt/airflow/dags/tsmc_pipeline_dag.py","logger":"airflow.models.dagbag.DagBag"}
{"timestamp":"2025-05-05T21:35:53.254782","level":"info","event":"Filling up the DagBag from /opt/airflow/dags/tsmc_pipeline_dag.py","logger":"airflow.models.dagbag.DagBag"}
{"timestamp":"2025-05-05T21:36:23.371200","level":"info","event":"Filling up the DagBag from /opt/airflow/dags/tsmc_pipeline_dag.py","logger":"airflow.models.dagbag.DagBag"}
{"timestamp":"2025-05-05T21:36:53.635007","level":"info","event":"Filling up the DagBag from /opt/airflow/dags/tsmc_pipeline_dag.py","logger":"airflow.models.dagbag.DagBag"}
{"timestamp":"2025-05-05T21:37:23.728315","level":"info","event":"Filling up the DagBag from /opt/airflow/dags/tsmc_pipeline_dag.py","logger":"airflow.models.dagbag.DagBag"}
{"timestamp":"2025-05-05T21:37:53.994843","level":"info","event":"Filling up the DagBag from /opt/airflow/dags/tsmc_pipeline_dag.py","logger":"airflow.models.dagbag.DagBag"}
{"timestamp":"2025-05-05T21:38:24.072063","level":"info","event":"Filling up the DagBag from /opt/airflow/dags/tsmc_pipeline_dag.py","logger":"airflow.models.dagbag.DagBag"}
{"timestamp":"2025-05-05T21:38:54.192927","level":"info","event":"Filling up the DagBag from /opt/airflow/dags/tsmc_pipeline_dag.py","logger":"airflow.models.dagbag.DagBag"}
{"timestamp":"2025-05-05T21:39:24.518200","level":"info","event":"Filling up the DagBag from /opt/airflow/dags/tsmc_pipeline_dag.py","logger":"airflow.models.dagbag.DagBag"}
{"timestamp":"2025-05-05T21:39:54.692970","level":"info","event":"Filling up the DagBag from /opt/airflow/dags/tsmc_pipeline_dag.py","logger":"airflow.models.dagbag.DagBag"}
{"timestamp":"2025-05-05T21:40:24.854396","level":"info","event":"Filling up the DagBag from /opt/airflow/dags/tsmc_pipeline_dag.py","logger":"airflow.models.dagbag.DagBag"}
{"timestamp":"2025-05-05T21:40:55.074418","level":"info","event":"Filling up the DagBag from /opt/airflow/dags/tsmc_pipeline_dag.py","logger":"airflow.models.dagbag.DagBag"}
{"timestamp":"2025-05-05T21:41:25.286143","level":"info","event":"Filling up the DagBag from /opt/airflow/dags/tsmc_pipeline_dag.py","logger":"airflow.models.dagbag.DagBag"}
{"timestamp":"2025-05-05T21:41:55.396177","level":"info","event":"Filling up the DagBag from /opt/airflow/dags/tsmc_pipeline_dag.py","logger":"airflow.models.dagbag.DagBag"}
{"timestamp":"2025-05-05T21:42:25.561677","level":"info","event":"Filling up the DagBag from /opt/airflow/dags/tsmc_pipeline_dag.py","logger":"airflow.models.dagbag.DagBag"}
{"timestamp":"2025-05-05T21:42:55.832455","level":"info","event":"Filling up the DagBag from /opt/airflow/dags/tsmc_pipeline_dag.py","logger":"airflow.models.dagbag.DagBag"}
{"timestamp":"2025-05-05T21:43:26.297285","level":"info","event":"Filling up the DagBag from /opt/airflow/dags/tsmc_pipeline_dag.py","logger":"airflow.models.dagbag.DagBag"}
{"timestamp":"2025-05-05T21:43:56.643733","level":"info","event":"Filling up the DagBag from /opt/airflow/dags/tsmc_pipeline_dag.py","logger":"airflow.models.dagbag.DagBag"}
{"timestamp":"2025-05-05T21:44:26.868033","level":"info","event":"Filling up the DagBag from /opt/airflow/dags/tsmc_pipeline_dag.py","logger":"airflow.models.dagbag.DagBag"}
{"timestamp":"2025-05-05T21:44:57.543648","level":"info","event":"Filling up the DagBag from /opt/airflow/dags/tsmc_pipeline_dag.py","logger":"airflow.models.dagbag.DagBag"}
{"timestamp":"2025-05-05T21:45:28.251111","level":"info","event":"Filling up the DagBag from /opt/airflow/dags/tsmc_pipeline_dag.py","logger":"airflow.models.dagbag.DagBag"}
{"timestamp":"2025-05-05T21:45:58.448343","level":"info","event":"Filling up the DagBag from /opt/airflow/dags/tsmc_pipeline_dag.py","logger":"airflow.models.dagbag.DagBag"}
{"timestamp":"2025-05-05T21:46:29.305311","level":"info","event":"Filling up the DagBag from /opt/airflow/dags/tsmc_pipeline_dag.py","logger":"airflow.models.dagbag.DagBag"}
{"timestamp":"2025-05-05T21:46:59.735931","level":"info","event":"Filling up the DagBag from /opt/airflow/dags/tsmc_pipeline_dag.py","logger":"airflow.models.dagbag.DagBag"}
{"timestamp":"2025-05-05T21:47:30.255388","level":"info","event":"Filling up the DagBag from /opt/airflow/dags/tsmc_pipeline_dag.py","logger":"airflow.models.dagbag.DagBag"}
{"timestamp":"2025-05-05T21:48:00.831759","level":"info","event":"Filling up the DagBag from /opt/airflow/dags/tsmc_pipeline_dag.py","logger":"airflow.models.dagbag.DagBag"}
{"timestamp":"2025-05-05T21:48:31.499118","level":"info","event":"Filling up the DagBag from /opt/airflow/dags/tsmc_pipeline_dag.py","logger":"airflow.models.dagbag.DagBag"}
{"timestamp":"2025-05-05T21:49:01.981203","level":"info","event":"Filling up the DagBag from /opt/airflow/dags/tsmc_pipeline_dag.py","logger":"airflow.models.dagbag.DagBag"}
{"timestamp":"2025-05-05T21:49:32.135501","level":"info","event":"Filling up the DagBag from /opt/airflow/dags/tsmc_pipeline_dag.py","logger":"airflow.models.dagbag.DagBag"}
{"timestamp":"2025-05-05T21:50:02.705679","level":"info","event":"Filling up the DagBag from /opt/airflow/dags/tsmc_pipeline_dag.py","logger":"airflow.models.dagbag.DagBag"}
{"timestamp":"2025-05-05T21:50:33.774947","level":"info","event":"Filling up the DagBag from /opt/airflow/dags/tsmc_pipeline_dag.py","logger":"airflow.models.dagbag.DagBag"}
{"timestamp":"2025-05-05T21:51:04.491843","level":"info","event":"Filling up the DagBag from /opt/airflow/dags/tsmc_pipeline_dag.py","logger":"airflow.models.dagbag.DagBag"}
{"timestamp":"2025-05-05T21:51:34.608450","level":"info","event":"Filling up the DagBag from /opt/airflow/dags/tsmc_pipeline_dag.py","logger":"airflow.models.dagbag.DagBag"}
{"timestamp":"2025-05-05T21:52:05.535537","level":"info","event":"Filling up the DagBag from /opt/airflow/dags/tsmc_pipeline_dag.py","logger":"airflow.models.dagbag.DagBag"}
{"timestamp":"2025-05-05T21:52:36.209947","level":"info","event":"Filling up the DagBag from /opt/airflow/dags/tsmc_pipeline_dag.py","logger":"airflow.models.dagbag.DagBag"}
{"timestamp":"2025-05-05T21:53:06.718956","level":"info","event":"Filling up the DagBag from /opt/airflow/dags/tsmc_pipeline_dag.py","logger":"airflow.models.dagbag.DagBag"}
{"timestamp":"2025-05-05T21:53:37.023969","level":"info","event":"Filling up the DagBag from /opt/airflow/dags/tsmc_pipeline_dag.py","logger":"airflow.models.dagbag.DagBag"}
{"timestamp":"2025-05-05T21:54:07.359646","level":"info","event":"Filling up the DagBag from /opt/airflow/dags/tsmc_pipeline_dag.py","logger":"airflow.models.dagbag.DagBag"}
{"timestamp":"2025-05-05T21:54:37.821211","level":"info","event":"Filling up the DagBag from /opt/airflow/dags/tsmc_pipeline_dag.py","logger":"airflow.models.dagbag.DagBag"}
{"timestamp":"2025-05-05T21:55:08.815897","level":"info","event":"Filling up the DagBag from /opt/airflow/dags/tsmc_pipeline_dag.py","logger":"airflow.models.dagbag.DagBag"}
{"timestamp":"2025-05-05T21:55:38.936282","level":"info","event":"Filling up the DagBag from /opt/airflow/dags/tsmc_pipeline_dag.py","logger":"airflow.models.dagbag.DagBag"}
{"timestamp":"2025-05-05T21:56:09.038241","level":"info","event":"Filling up the DagBag from /opt/airflow/dags/tsmc_pipeline_dag.py","logger":"airflow.models.dagbag.DagBag"}
{"timestamp":"2025-05-05T21:56:39.405420","level":"info","event":"Filling up the DagBag from /opt/airflow/dags/tsmc_pipeline_dag.py","logger":"airflow.models.dagbag.DagBag"}
{"timestamp":"2025-05-05T21:57:09.885078","level":"info","event":"Filling up the DagBag from /opt/airflow/dags/tsmc_pipeline_dag.py","logger":"airflow.models.dagbag.DagBag"}
{"timestamp":"2025-05-05T21:57:40.294566","level":"info","event":"Filling up the DagBag from /opt/airflow/dags/tsmc_pipeline_dag.py","logger":"airflow.models.dagbag.DagBag"}
{"timestamp":"2025-05-05T21:58:11.010174","level":"info","event":"Filling up the DagBag from /opt/airflow/dags/tsmc_pipeline_dag.py","logger":"airflow.models.dagbag.DagBag"}
{"timestamp":"2025-05-05T21:58:41.619812","level":"info","event":"Filling up the DagBag from /opt/airflow/dags/tsmc_pipeline_dag.py","logger":"airflow.models.dagbag.DagBag"}
{"timestamp":"2025-05-05T21:59:12.261937","level":"info","event":"Filling up the DagBag from /opt/airflow/dags/tsmc_pipeline_dag.py","logger":"airflow.models.dagbag.DagBag"}
{"timestamp":"2025-05-05T21:59:43.112929","level":"info","event":"Filling up the DagBag from /opt/airflow/dags/tsmc_pipeline_dag.py","logger":"airflow.models.dagbag.DagBag"}
{"timestamp":"2025-05-05T22:00:14.006646","level":"info","event":"Filling up the DagBag from /opt/airflow/dags/tsmc_pipeline_dag.py","logger":"airflow.models.dagbag.DagBag"}
{"timestamp":"2025-05-05T22:00:44.554851","level":"info","event":"Filling up the DagBag from /opt/airflow/dags/tsmc_pipeline_dag.py","logger":"airflow.models.dagbag.DagBag"}
{"timestamp":"2025-05-05T22:01:15.381323","level":"info","event":"Filling up the DagBag from /opt/airflow/dags/tsmc_pipeline_dag.py","logger":"airflow.models.dagbag.DagBag"}
{"timestamp":"2025-05-05T22:01:46.362523","level":"info","event":"Filling up the DagBag from /opt/airflow/dags/tsmc_pipeline_dag.py","logger":"airflow.models.dagbag.DagBag"}
{"timestamp":"2025-05-05T22:02:16.535909","level":"info","event":"Filling up the DagBag from /opt/airflow/dags/tsmc_pipeline_dag.py","logger":"airflow.models.dagbag.DagBag"}
{"timestamp":"2025-05-05T22:02:47.332242","level":"info","event":"Filling up the DagBag from /opt/airflow/dags/tsmc_pipeline_dag.py","logger":"airflow.models.dagbag.DagBag"}
{"timestamp":"2025-05-05T22:03:17.979133","level":"info","event":"Filling up the DagBag from /opt/airflow/dags/tsmc_pipeline_dag.py","logger":"airflow.models.dagbag.DagBag"}
{"timestamp":"2025-05-05T22:03:48.581343","level":"info","event":"Filling up the DagBag from /opt/airflow/dags/tsmc_pipeline_dag.py","logger":"airflow.models.dagbag.DagBag"}
{"timestamp":"2025-05-05T22:04:19.105262","level":"info","event":"Filling up the DagBag from /opt/airflow/dags/tsmc_pipeline_dag.py","logger":"airflow.models.dagbag.DagBag"}
{"timestamp":"2025-05-05T22:04:49.895854","level":"info","event":"Filling up the DagBag from /opt/airflow/dags/tsmc_pipeline_dag.py","logger":"airflow.models.dagbag.DagBag"}
{"timestamp":"2025-05-05T22:05:20.485910","level":"info","event":"Filling up the DagBag from /opt/airflow/dags/tsmc_pipeline_dag.py","logger":"airflow.models.dagbag.DagBag"}
{"timestamp":"2025-05-05T22:05:50.941831","level":"info","event":"Filling up the DagBag from /opt/airflow/dags/tsmc_pipeline_dag.py","logger":"airflow.models.dagbag.DagBag"}
{"timestamp":"2025-05-05T22:06:21.689251","level":"info","event":"Filling up the DagBag from /opt/airflow/dags/tsmc_pipeline_dag.py","logger":"airflow.models.dagbag.DagBag"}
{"timestamp":"2025-05-05T22:06:52.573209","level":"info","event":"Filling up the DagBag from /opt/airflow/dags/tsmc_pipeline_dag.py","logger":"airflow.models.dagbag.DagBag"}
{"timestamp":"2025-05-05T22:07:23.314667","level":"info","event":"Filling up the DagBag from /opt/airflow/dags/tsmc_pipeline_dag.py","logger":"airflow.models.dagbag.DagBag"}
{"timestamp":"2025-05-05T22:07:53.890935","level":"info","event":"Filling up the DagBag from /opt/airflow/dags/tsmc_pipeline_dag.py","logger":"airflow.models.dagbag.DagBag"}
{"timestamp":"2025-05-05T22:08:24.682931","level":"info","event":"Filling up the DagBag from /opt/airflow/dags/tsmc_pipeline_dag.py","logger":"airflow.models.dagbag.DagBag"}
{"timestamp":"2025-05-05T22:08:55.478726","level":"info","event":"Filling up the DagBag from /opt/airflow/dags/tsmc_pipeline_dag.py","logger":"airflow.models.dagbag.DagBag"}
{"timestamp":"2025-05-05T22:09:25.834890","level":"info","event":"Filling up the DagBag from /opt/airflow/dags/tsmc_pipeline_dag.py","logger":"airflow.models.dagbag.DagBag"}
{"timestamp":"2025-05-05T22:09:56.356285","level":"info","event":"Filling up the DagBag from /opt/airflow/dags/tsmc_pipeline_dag.py","logger":"airflow.models.dagbag.DagBag"}
{"timestamp":"2025-05-05T22:10:27.116348","level":"info","event":"Filling up the DagBag from /opt/airflow/dags/tsmc_pipeline_dag.py","logger":"airflow.models.dagbag.DagBag"}
{"timestamp":"2025-05-05T22:12:17.128660","level":"info","event":"Filling up the DagBag from /opt/airflow/dags/tsmc_pipeline_dag.py","logger":"airflow.models.dagbag.DagBag"}
